<?xml version="1.0" encoding="UTF-8"?>
<testsuites>
  <testsuite name="Subdomain_test" file="/home/cekingx/Coding/php/admin-gianyarkab/application/tests/controllers/Subdomain_test.php" tests="8" assertions="14" errors="0" failures="0" skipped="0" time="0.040761">
    <testcase name="test_WhenAccessAllSubdomainThenGetAllSubdomain" class="Subdomain_test" classname="Subdomain_test" file="/home/cekingx/Coding/php/admin-gianyarkab/application/tests/controllers/Subdomain_test.php" line="53" assertions="2" time="0.012617"/>
    <testcase name="test_WhenSuccessAddSubdomainThenRedirectedToIndex" class="Subdomain_test" classname="Subdomain_test" file="/home/cekingx/Coding/php/admin-gianyarkab/application/tests/controllers/Subdomain_test.php" line="70" assertions="2" time="0.004885"/>
    <testcase name="test_WhenFailedAddSubdomainThenRedirectedToCreate" class="Subdomain_test" classname="Subdomain_test" file="/home/cekingx/Coding/php/admin-gianyarkab/application/tests/controllers/Subdomain_test.php" line="89" assertions="2" time="0.003293"/>
    <testcase name="test_WhenSuccessUpdateSubdomainThenRedirectedToIndex" class="Subdomain_test" classname="Subdomain_test" file="/home/cekingx/Coding/php/admin-gianyarkab/application/tests/controllers/Subdomain_test.php" line="107" assertions="2" time="0.003189"/>
    <testcase name="test_WhenFailedUpdateSubdomianThenRedirectedToEdit" class="Subdomain_test" classname="Subdomain_test" file="/home/cekingx/Coding/php/admin-gianyarkab/application/tests/controllers/Subdomain_test.php" line="126" assertions="2" time="0.003446"/>
    <testcase name="test_WhenUpdateNotExistedSubdomainThenGet404" class="Subdomain_test" classname="Subdomain_test" file="/home/cekingx/Coding/php/admin-gianyarkab/application/tests/controllers/Subdomain_test.php" line="147" assertions="1" time="0.005274"/>
    <testcase name="test_WhenSuccessDeleteSubdomainThenRedirectedToIndex" class="Subdomain_test" classname="Subdomain_test" file="/home/cekingx/Coding/php/admin-gianyarkab/application/tests/controllers/Subdomain_test.php" line="163" assertions="2" time="0.004510"/>
    <testcase name="test_WhenDeleteNotExistedSubdomainThenGet404" class="Subdomain_test" classname="Subdomain_test" file="/home/cekingx/Coding/php/admin-gianyarkab/application/tests/controllers/Subdomain_test.php" line="179" assertions="1" time="0.003548"/>
  </testsuite>
</testsuites>
