<?xml version="1.0" encoding="UTF-8"?>
<testsuites>
  <testsuite name="Alamat_instansi_model_test" file="/home/cekingx/Coding/php/admin-gianyarkab/application/tests/models/Alamat_instansi_model_test.php" tests="5" assertions="9" errors="0" failures="0" skipped="0" time="0.568195">
    <testcase name="test_WhenGetAllAlamatInstansiThenGetOneAlamatInstansi" class="Alamat_instansi_model_test" classname="Alamat_instansi_model_test" file="/home/cekingx/Coding/php/admin-gianyarkab/application/tests/models/Alamat_instansi_model_test.php" line="24" assertions="1" time="0.011158"/>
    <testcase name="test_WhenSetAlamatInstansiThenGetTwoAlamatInstansi" class="Alamat_instansi_model_test" classname="Alamat_instansi_model_test" file="/home/cekingx/Coding/php/admin-gianyarkab/application/tests/models/Alamat_instansi_model_test.php" line="30" assertions="2" time="0.189999"/>
    <testcase name="test_WhenGetAlamatInstansiByIdThenGetTheSpecificAlamatInstansi" class="Alamat_instansi_model_test" classname="Alamat_instansi_model_test" file="/home/cekingx/Coding/php/admin-gianyarkab/application/tests/models/Alamat_instansi_model_test.php" line="44" assertions="2" time="0.007175"/>
    <testcase name="test_WhenUpdateAlamatInstansiThenAlamatInstansiChanged" class="Alamat_instansi_model_test" classname="Alamat_instansi_model_test" file="/home/cekingx/Coding/php/admin-gianyarkab/application/tests/models/Alamat_instansi_model_test.php" line="51" assertions="2" time="0.170914"/>
    <testcase name="test_WhenDeleteAlamatInstansiThenGetOneAlamatInstansi" class="Alamat_instansi_model_test" classname="Alamat_instansi_model_test" file="/home/cekingx/Coding/php/admin-gianyarkab/application/tests/models/Alamat_instansi_model_test.php" line="71" assertions="2" time="0.188949"/>
  </testsuite>
</testsuites>
