<?xml version="1.0" encoding="UTF-8"?>
<testsuites>
  <testsuite name="Jabatanbupati_model_test" file="/home/cekingx/Coding/php/admin-gianyarkab/application/tests/models/Jabatanbupati_model_test.php" tests="5" assertions="9" errors="0" failures="0" skipped="0" time="0.812553">
    <testcase name="test_WhenGetAllJabatanBupatiThenGetOneJabatanBupati" class="Jabatanbupati_model_test" classname="Jabatanbupati_model_test" file="/home/cekingx/Coding/php/admin-gianyarkab/application/tests/models/Jabatanbupati_model_test.php" line="26" assertions="1" time="0.082512"/>
    <testcase name="test_WhenSetJabatanBupatiThenGetTwoJabatanBupati" class="Jabatanbupati_model_test" classname="Jabatanbupati_model_test" file="/home/cekingx/Coding/php/admin-gianyarkab/application/tests/models/Jabatanbupati_model_test.php" line="32" assertions="2" time="0.206937"/>
    <testcase name="test_WhenGetJabatanBupatiByIdThenGetTheSpecificJabatanBupati" class="Jabatanbupati_model_test" classname="Jabatanbupati_model_test" file="/home/cekingx/Coding/php/admin-gianyarkab/application/tests/models/Jabatanbupati_model_test.php" line="45" assertions="2" time="0.108398"/>
    <testcase name="test_WhenUpdateJabatanBupatiThenJabatanBupatiChanged" class="Jabatanbupati_model_test" classname="Jabatanbupati_model_test" file="/home/cekingx/Coding/php/admin-gianyarkab/application/tests/models/Jabatanbupati_model_test.php" line="52" assertions="2" time="0.124894"/>
    <testcase name="test_WhenDeleteJabatanBupatiThenGetOneJabatanBupati" class="Jabatanbupati_model_test" classname="Jabatanbupati_model_test" file="/home/cekingx/Coding/php/admin-gianyarkab/application/tests/models/Jabatanbupati_model_test.php" line="70" assertions="2" time="0.289812"/>
  </testsuite>
</testsuites>
