<?xml version="1.0" encoding="UTF-8"?>
<testsuites>
  <testsuite name="CodeIgniter Application Test Suite" tests="10" assertions="17" errors="0" failures="0" skipped="0" time="0.033119">
    <testsuite name="Pengumuman_test" file="/home/cekingx/Coding/php/admin-gianyarkab/application/tests/controllers/Pengumuman_test.php" tests="10" assertions="17" errors="0" failures="0" skipped="0" time="0.033119">
      <testcase name="test_WhenYouAccessPengumumanThenYouGetAllPengumuman" class="Pengumuman_test" classname="Pengumuman_test" file="/home/cekingx/Coding/php/admin-gianyarkab/application/tests/controllers/Pengumuman_test.php" line="8" assertions="2" time="0.006315"/>
      <testcase name="test_WhenYouAccessSpecificPengumumanThenYouGetThePengumuman" class="Pengumuman_test" classname="Pengumuman_test" file="/home/cekingx/Coding/php/admin-gianyarkab/application/tests/controllers/Pengumuman_test.php" line="41" assertions="2" time="0.003443"/>
      <testcase name="test_WhenYouAccessNotExistedPengumumanThenYouGet404" class="Pengumuman_test" classname="Pengumuman_test" file="/home/cekingx/Coding/php/admin-gianyarkab/application/tests/controllers/Pengumuman_test.php" line="66" assertions="1" time="0.003136"/>
      <testcase name="test_WhenYouSuccessAddPengumumanThenYouRedirectedToIndex" class="Pengumuman_test" classname="Pengumuman_test" file="/home/cekingx/Coding/php/admin-gianyarkab/application/tests/controllers/Pengumuman_test.php" line="83" assertions="2" time="0.003153"/>
      <testcase name="test_WhenYouFailedAddPengumumanThenYouRedirectedToCreate" class="Pengumuman_test" classname="Pengumuman_test" file="/home/cekingx/Coding/php/admin-gianyarkab/application/tests/controllers/Pengumuman_test.php" line="107" assertions="2" time="0.003241"/>
      <testcase name="test_WhenYouSuccessUpdatePengumumanThenYouRedirectedToIndex" class="Pengumuman_test" classname="Pengumuman_test" file="/home/cekingx/Coding/php/admin-gianyarkab/application/tests/controllers/Pengumuman_test.php" line="130" assertions="2" time="0.002782"/>
      <testcase name="test_WhenYouFailedUpdatePengumumanThenYouRedirectedToEdit" class="Pengumuman_test" classname="Pengumuman_test" file="/home/cekingx/Coding/php/admin-gianyarkab/application/tests/controllers/Pengumuman_test.php" line="155" assertions="2" time="0.002799"/>
      <testcase name="test_WhenYouEditNotExistedPengumumanThenYouGet404" class="Pengumuman_test" classname="Pengumuman_test" file="/home/cekingx/Coding/php/admin-gianyarkab/application/tests/controllers/Pengumuman_test.php" line="180" assertions="1" time="0.003250"/>
      <testcase name="test_WhenYouSuccessDeletePengumumanThenYouRedirectedToIndex" class="Pengumuman_test" classname="Pengumuman_test" file="/home/cekingx/Coding/php/admin-gianyarkab/application/tests/controllers/Pengumuman_test.php" line="197" assertions="2" time="0.002674"/>
      <testcase name="test_WhenYouDeleteNotExistedPengumumanThenYouGet404" class="Pengumuman_test" classname="Pengumuman_test" file="/home/cekingx/Coding/php/admin-gianyarkab/application/tests/controllers/Pengumuman_test.php" line="217" assertions="1" time="0.002326"/>
    </testsuite>
  </testsuite>
</testsuites>
