<?xml version="1.0" encoding="UTF-8"?>
<testsuites>
  <testsuite name="Alamat_instansi_test" file="/home/cekingx/Coding/php/admin-gianyarkab/application/tests/controllers/Alamat_instansi_test.php" tests="10" assertions="17" errors="0" failures="0" skipped="0" time="0.035389">
    <testcase name="test_WhenAccessAllAlamatInstansiThenGetAllAlamatInstansi" class="Alamat_instansi_test" classname="Alamat_instansi_test" file="/home/cekingx/Coding/php/admin-gianyarkab/application/tests/controllers/Alamat_instansi_test.php" line="66" assertions="2" time="0.007307"/>
    <testcase name="test_WhenAccessSpecificAlamatInstansiThenGetTheAlamatInstansi" class="Alamat_instansi_test" classname="Alamat_instansi_test" file="/home/cekingx/Coding/php/admin-gianyarkab/application/tests/controllers/Alamat_instansi_test.php" line="83" assertions="2" time="0.004140"/>
    <testcase name="test_WhenAccessNotExistedAlamatInstansiThenGet404" class="Alamat_instansi_test" classname="Alamat_instansi_test" file="/home/cekingx/Coding/php/admin-gianyarkab/application/tests/controllers/Alamat_instansi_test.php" line="100" assertions="1" time="0.002993"/>
    <testcase name="test_WhenSuccessAddAlamatInstansiThenRedirectedToIndex" class="Alamat_instansi_test" classname="Alamat_instansi_test" file="/home/cekingx/Coding/php/admin-gianyarkab/application/tests/controllers/Alamat_instansi_test.php" line="116" assertions="2" time="0.003431"/>
    <testcase name="test_WhenFailedAddAlamatInstansiThenRedirectedToCreate" class="Alamat_instansi_test" classname="Alamat_instansi_test" file="/home/cekingx/Coding/php/admin-gianyarkab/application/tests/controllers/Alamat_instansi_test.php" line="135" assertions="2" time="0.002823"/>
    <testcase name="test_WhenSuccessUpdateAlamatInstansiThenRedirectedToIndex" class="Alamat_instansi_test" classname="Alamat_instansi_test" file="/home/cekingx/Coding/php/admin-gianyarkab/application/tests/controllers/Alamat_instansi_test.php" line="153" assertions="2" time="0.003220"/>
    <testcase name="test_WhenFailedUpdateAlamatInstansiThenRedirectedToEdit" class="Alamat_instansi_test" classname="Alamat_instansi_test" file="/home/cekingx/Coding/php/admin-gianyarkab/application/tests/controllers/Alamat_instansi_test.php" line="172" assertions="2" time="0.003323"/>
    <testcase name="test_WhenUpdateNotExistedAlamatInstansiThenGet404" class="Alamat_instansi_test" classname="Alamat_instansi_test" file="/home/cekingx/Coding/php/admin-gianyarkab/application/tests/controllers/Alamat_instansi_test.php" line="193" assertions="1" time="0.002943"/>
    <testcase name="test_WhenSuccessDeleteAlamatInstansiThenRedirectedToIndex" class="Alamat_instansi_test" classname="Alamat_instansi_test" file="/home/cekingx/Coding/php/admin-gianyarkab/application/tests/controllers/Alamat_instansi_test.php" line="209" assertions="2" time="0.002860"/>
    <testcase name="test_WhenDeleteNotExistedAlamatInstansiThenGet404" class="Alamat_instansi_test" classname="Alamat_instansi_test" file="/home/cekingx/Coding/php/admin-gianyarkab/application/tests/controllers/Alamat_instansi_test.php" line="225" assertions="1" time="0.002349"/>
  </testsuite>
</testsuites>
