<?xml version="1.0" encoding="UTF-8"?>
<testsuites>
  <testsuite name="CodeIgniter Application Test Suite" tests="1" assertions="2" errors="0" failures="0" skipped="0" time="0.006838">
    <testsuite name="Pengumuman_test" file="/home/cekingx/Coding/php/admin-gianyarkab/application/tests/controllers/Pengumuman_test.php" tests="1" assertions="2" errors="0" failures="0" skipped="0" time="0.006838">
      <testcase name="test_WhenYouAccessPengumumanThenYouGetAllPengumuman" class="Pengumuman_test" classname="Pengumuman_test" file="/home/cekingx/Coding/php/admin-gianyarkab/application/tests/controllers/Pengumuman_test.php" line="8" assertions="2" time="0.006838"/>
    </testsuite>
  </testsuite>
</testsuites>
