<?xml version="1.0" encoding="UTF-8"?>
<testsuites>
  <testsuite name="CodeIgniter Application Test Suite" tests="3" assertions="5" errors="0" failures="0" skipped="0" time="0.013816">
    <testsuite name="Pengumuman_test" file="/home/cekingx/Coding/php/admin-gianyarkab/application/tests/controllers/Pengumuman_test.php" tests="3" assertions="5" errors="0" failures="0" skipped="0" time="0.013816">
      <testcase name="test_WhenYouAccessPengumumanThenYouGetAllPengumuman" class="Pengumuman_test" classname="Pengumuman_test" file="/home/cekingx/Coding/php/admin-gianyarkab/application/tests/controllers/Pengumuman_test.php" line="8" assertions="2" time="0.006951"/>
      <testcase name="test_WhenYouAccessSpecificPengumumanThenYouGetThePengumuman" class="Pengumuman_test" classname="Pengumuman_test" file="/home/cekingx/Coding/php/admin-gianyarkab/application/tests/controllers/Pengumuman_test.php" line="41" assertions="2" time="0.003623"/>
      <testcase name="test_WhenYouAccessNotExistedPengumumanThenYouGet404" class="Pengumuman_test" classname="Pengumuman_test" file="/home/cekingx/Coding/php/admin-gianyarkab/application/tests/controllers/Pengumuman_test.php" line="66" assertions="1" time="0.003242"/>
    </testsuite>
  </testsuite>
</testsuites>
